<?xml version="1.0" encoding="UTF-8"?>
<!-- Generated by org.testng.reporters.JUnitReportReporter -->
<testsuite hostname="laptop" failures="0" tests="5" name="kodnest.KodLoginTests3" time="7.397" errors="0" timestamp="2025-03-18T09:46:53 IST" skipped="0">
  <testcase classname="kodnest.KodLoginTests3" name="testBlankEmailAndPassword" time="0.641"/>
  <system-out/>
  <testcase classname="kodnest.KodLoginTests3" name="testInvalidEmailFormat" time="1.195"/>
  <system-out/>
  <testcase classname="kodnest.KodLoginTests3" name="testUnregisteredEmail" time="2.122"/>
  <system-out/>
  <testcase classname="kodnest.KodLoginTests3" name="testRegisteredMailWrongPassword" time="2.159"/>
  <system-out/>
  <testcase classname="kodnest.KodLoginTests3" name="testLoginWithValidCred" time="1.280"/>
  <system-out/>
</testsuite> <!-- kodnest.KodLoginTests3 -->
