<?xml version="1.0" encoding="UTF-8"?>
<!-- Generated by org.testng.reporters.JUnitReportReporter -->
<testsuite hostname="laptop" failures="0" tests="1" name="TestNG.tutorial.TestNGIntroduction" time="0.004" errors="0" timestamp="2025-03-05T23:43:23 IST" skipped="0">
  <testcase classname="TestNG.tutorial.TestNGIntroduction" name="demo" time="0.004"/>
  <system-out/>
</testsuite> <!-- TestNG.tutorial.TestNGIntroduction -->
