<?xml version="1.0" encoding="UTF-8"?>
<!-- Generated by org.testng.reporters.JUnitReportReporter -->
<testsuite hostname="laptop" failures="0" tests="1" name="selectable" time="6.178" errors="0" timestamp="2025-06-02T19:49:31 IST" skipped="0">
  <testcase classname="selectable" name="selecttable" time="6.178"/>
  <system-out/>
</testsuite> <!-- selectable -->
