<?xml version="1.0" encoding="UTF-8"?>
<!-- Generated by org.testng.reporters.JUnitReportReporter -->
<testsuite hostname="laptop" failures="0" tests="6" name="TestNG.tutoria2.CheckOutTest" time="0.033" errors="0" timestamp="2025-03-11T09:15:21 IST" skipped="0">
  <testcase classname="TestNG.tutoria2.CheckOutTest" name="testCheckoutCOD" time="0.009"/>
  <system-out/>
  <testcase classname="TestNG.tutoria2.CheckOutTest" name="testCheckoutDebitCard" time="0.002"/>
  <system-out/>
  <testcase classname="TestNG.tutoria2.CheckOutTest" name="testCheckoutUPI" time="0.012"/>
  <system-out/>
  <testcase classname="TestNG.tutoria2.CheckOutTest" name="testCheckoutWallet" time="0.004"/>
  <system-out/>
  <testcase classname="TestNG.tutoria2.CheckOutTest" name="testCheckoutCreditCard" time="0.004"/>
  <system-out/>
  <testcase classname="TestNG.tutoria2.CheckOutTest" name="testCheckoutInvalidDebit" time="0.002"/>
  <system-out/>
</testsuite> <!-- TestNG.tutoria2.CheckOutTest -->
