<?xml version="1.0" encoding="UTF-8"?>
<!-- Generated by org.testng.reporters.JUnitReportReporter -->
<testsuite hostname="laptop" failures="0" tests="5" name="kodnest.KodLoginTests" time="9.682" errors="0" timestamp="2025-03-17T10:21:55 IST" skipped="0">
  <testcase classname="kodnest.KodLoginTests" name="testBlankEmailAndPassword" time="2.045"/>
  <system-out/>
  <testcase classname="kodnest.KodLoginTests" name="testInvalidEmailFormat" time="1.693"/>
  <system-out/>
  <testcase classname="kodnest.KodLoginTests" name="testUnregisteredEmail" time="1.934"/>
  <system-out/>
  <testcase classname="kodnest.KodLoginTests" name="testRegisteredMailWrongPassword" time="2.257"/>
  <system-out/>
  <testcase classname="kodnest.KodLoginTests" name="testLoginWithValidCred" time="1.753"/>
  <system-out/>
</testsuite> <!-- kodnest.KodLoginTests -->
