<?xml version="1.0" encoding="UTF-8"?>
<!-- Generated by org.testng.reporters.JUnitReportReporter -->
<testsuite hostname="laptop" failures="0" tests="1" name="OnlyDraggable" time="5.174" errors="0" timestamp="2025-06-02T18:56:22 IST" skipped="0">
  <testcase classname="OnlyDraggable" name="draggable" time="5.174"/>
  <system-out/>
</testsuite> <!-- OnlyDraggable -->
