<?xml version="1.0" encoding="UTF-8"?>
<!-- Generated by org.testng.reporters.JUnitReportReporter -->
<testsuite hostname="laptop" failures="0" tests="6" name="TestNG.tutorial.CartTests" time="0.044" errors="0" timestamp="2025-03-06T23:34:25 IST" skipped="0">
  <testcase classname="TestNG.tutorial.CartTests" name="testTRemoveProductCart" time="0.003"/>
  <system-out/>
  <testcase classname="TestNG.tutorial.CartTests" name="testIncreaseProductCart" time="0.003"/>
  <system-out/>
  <testcase classname="TestNG.tutorial.CartTests" name="testProductWishlistCarte" time="0.005"/>
  <system-out/>
  <testcase classname="TestNG.tutorial.CartTests" name="testDecreaseProductCart" time="0.003"/>
  <system-out/>
  <testcase classname="TestNG.tutorial.CartTests" name="testAddProductCart" time="0.025"/>
  <system-out/>
  <testcase classname="TestNG.tutorial.CartTests" name="testCartTotal" time="0.005"/>
  <system-out/>
</testsuite> <!-- TestNG.tutorial.CartTests -->
