<?xml version="1.0" encoding="UTF-8"?>
<!-- Generated by org.testng.reporters.JUnitReportReporter -->
<testsuite hostname="laptop" failures="0" tests="1" name="Practice" time="7.988" errors="0" timestamp="2025-06-02T22:37:40 IST" skipped="0">
  <testcase classname="Practice" name="login" time="7.988"/>
  <system-out/>
</testsuite> <!-- Practice -->
