<?xml version="1.0" encoding="UTF-8"?>
<!-- Generated by org.testng.reporters.JUnitReportReporter -->
<testsuite hostname="laptop" failures="0" tests="1" name="DragandDrop" time="6.451" errors="0" timestamp="2025-06-02T18:48:07 IST" skipped="0">
  <testcase classname="DragandDrop" name="setUp" time="6.451"/>
  <system-out/>
</testsuite> <!-- DragandDrop -->
