<?xml version="1.0" encoding="UTF-8"?>
<!-- Generated by org.testng.reporters.JUnitReportReporter -->
<testsuite hostname="laptop" failures="0" tests="1" name="resizableonly" time="4.475" errors="0" timestamp="2025-06-02T19:21:48 IST" skipped="0">
  <testcase classname="resizableonly" name="resizable" time="4.475"/>
  <system-out/>
</testsuite> <!-- resizableonly -->
