<?xml version="1.0" encoding="UTF-8"?>
<!-- Generated by org.testng.reporters.JUnitReportReporter -->
<testsuite hostname="laptop" failures="0" tests="7" name="tutorial.testng.CartTests" time="0.056" errors="0" timestamp="2025-03-11T09:15:21 IST" skipped="0">
  <testcase classname="tutorial.testng.CartTests" name="testTRemoveProductCart" time="0.012"/>
  <system-out/>
  <testcase classname="tutorial.testng.CartTests" name="testCartTotal" time="0.007"/>
  <system-out/>
  <testcase classname="tutorial.testng.CartTests" name="testRetainProductCart" time="0.001"/>
  <system-out/>
  <testcase classname="tutorial.testng.CartTests" name="testDecreaseProductCart" time="0.004"/>
  <system-out/>
  <testcase classname="tutorial.testng.CartTests" name="testAddProductCart" time="0.025"/>
  <system-out/>
  <testcase classname="tutorial.testng.CartTests" name="testProductWishlistCarte" time="0.002"/>
  <system-out/>
  <testcase classname="tutorial.testng.CartTests" name="testIncreaseProductCart" time="0.005"/>
  <system-out/>
</testsuite> <!-- tutorial.testng.CartTests -->
