<?xml version="1.0" encoding="UTF-8"?>
<!-- Generated by org.testng.reporters.JUnitReportReporter -->
<testsuite hostname="laptop" failures="0" tests="5" name="kodnest.KodLoginTests2" time="8.224" errors="0" timestamp="2025-03-17T11:15:12 IST" skipped="0">
  <testcase classname="kodnest.KodLoginTests2" name="testBlankEmailAndPassword" time="0.997"/>
  <system-out/>
  <testcase classname="kodnest.KodLoginTests2" name="testInvalidEmailFormat" time="0.809"/>
  <system-out/>
  <testcase classname="kodnest.KodLoginTests2" name="testUnregisteredEmail" time="2.006"/>
  <system-out/>
  <testcase classname="kodnest.KodLoginTests2" name="testRegisteredMailWrongPassword" time="2.625"/>
  <system-out/>
  <testcase classname="kodnest.KodLoginTests2" name="testLoginWithValidCred" time="1.787"/>
  <system-out/>
</testsuite> <!-- kodnest.KodLoginTests2 -->
