<?xml version="1.0" encoding="UTF-8"?>
<!-- Generated by org.testng.reporters.JUnitReportReporter -->
<testsuite hostname="laptop" failures="0" tests="5" name="TestNG.tutorial.LoginTests2" time="0.020" errors="0" timestamp="2025-03-05T10:22:10 IST" skipped="0">
  <testcase classname="TestNG.tutorial.LoginTests2" name="smoke_CreateAccount" time="0.002"/>
  <system-out/>
  <testcase classname="TestNG.tutorial.LoginTests2" name="smoke_HomepageLoad" time="0.012"/>
  <system-out/>
  <testcase classname="TestNG.tutorial.LoginTests2" name="regression_UnregisteredLogin" time="0.003"/>
  <system-out/>
  <testcase classname="TestNG.tutorial.LoginTests2" name="regression_UpdateProfile" time="0.002"/>
  <system-out/>
  <testcase classname="TestNG.tutorial.LoginTests2" name="regression_ValidLogin" time="0.001"/>
  <system-out/>
</testsuite> <!-- TestNG.tutorial.LoginTests2 -->
